# Logfile created on 2020-10-15 17:41:38 +0000 by logger.rb/66358
[2020-10-15T17:41:38+00:00] INFO: Started Chef Infra Zero at chefzero://localhost:1 with repository at /opt/gitlab/embedded
  One version per cookbook

[2020-10-15T17:41:38+00:00] INFO: *** Chef Infra Client 15.12.22 ***
[2020-10-15T17:41:38+00:00] INFO: Platform: x86_64-linux
[2020-10-15T17:41:38+00:00] INFO: Chef-client pid: 23
[2020-10-15T17:41:39+00:00] WARN: Plugin Network: unable to detect ipaddress
[2020-10-15T17:41:40+00:00] INFO: Setting the run_list to ["recipe[gitlab]"] from CLI options
[2020-10-15T17:41:40+00:00] INFO: Run List is [recipe[gitlab]]
[2020-10-15T17:41:40+00:00] INFO: Run List expands to [gitlab]
[2020-10-15T17:41:40+00:00] INFO: Starting Chef Infra Client Run for 9c6ec7af0f68
[2020-10-15T17:41:40+00:00] INFO: Running start handlers
[2020-10-15T17:41:40+00:00] INFO: Start handlers complete.
[2020-10-15T17:41:40+00:00] INFO: Loading cookbooks [gitlab@0.0.1, package@0.1.0, postgresql@0.1.0, redis@0.1.0, monitoring@0.1.0, registry@0.1.0, mattermost@0.1.0, consul@0.1.0, gitaly@0.1.0, praefect@0.1.0, letsencrypt@0.1.0, nginx@0.1.0, runit@5.1.3, acme@4.1.1, crond@0.1.0]
[2020-10-15T17:41:42+00:00] INFO: directory[/etc/gitlab] mode changed to 775
[2020-10-15T17:41:42+00:00] INFO: Skipped selecting an init system because it was explicitly disabled
[2020-10-15T17:41:43+00:00] INFO: directory[Create /var/opt/gitlab] mode changed to 755
[2020-10-15T17:41:43+00:00] INFO: directory[Create /var/log/gitlab] mode changed to 755
[2020-10-15T17:41:43+00:00] INFO: template[/var/opt/gitlab/.gitconfig] owner changed to 998
[2020-10-15T17:41:43+00:00] INFO: template[/var/opt/gitlab/.gitconfig] group changed to 998
[2020-10-15T17:41:43+00:00] INFO: template[/var/opt/gitlab/.gitconfig] mode changed to 644
[2020-10-15T17:41:43+00:00] INFO: directory[/var/opt/gitlab/.bundle] owner changed to 998
[2020-10-15T17:41:43+00:00] INFO: directory[/var/opt/gitlab/.bundle] group changed to 998
[2020-10-15T17:41:43+00:00] INFO: Running queued delayed notifications before re-raising exception
[2020-10-15T17:41:43+00:00] INFO: Running queued delayed notifications before re-raising exception
[2020-10-15T17:41:43+00:00] ERROR: Running exception handlers
[2020-10-15T17:41:43+00:00] ERROR: Exception handlers complete
[2020-10-15T17:41:43+00:00] FATAL: Stacktrace dumped to /opt/gitlab/embedded/cookbooks/cache/chef-stacktrace.out
[2020-10-15T17:41:43+00:00] FATAL: Please provide the contents of the stacktrace.out file if you file a bug report
[2020-10-15T17:41:43+00:00] FATAL: Mixlib::ShellOut::ShellCommandFailed: storage_directory[/var/opt/gitlab/.ssh] (gitlab::gitlab-shell line 34) had an error: Mixlib::ShellOut::ShellCommandFailed: ruby_block[directory resource: /var/opt/gitlab/.ssh] (/opt/gitlab/embedded/cookbooks/cache/cookbooks/package/resources/storage_directory.rb line 34) had an error: Mixlib::ShellOut::ShellCommandFailed: Failed asserting that ownership of "/var/opt/gitlab/.ssh" was git:git
---- Begin output of set -x && [ "$(stat --printf='%U:%G' $(readlink -f /var/opt/gitlab/.ssh))" = 'git:git' ] ----
STDOUT: 
STDERR: + readlink -f /var/opt/gitlab/.ssh
+ stat --printf=%U:%G /var/opt/gitlab/.ssh
+ [ root:root = git:git ]
---- End output of set -x && [ "$(stat --printf='%U:%G' $(readlink -f /var/opt/gitlab/.ssh))" = 'git:git' ] ----
Ran set -x && [ "$(stat --printf='%U:%G' $(readlink -f /var/opt/gitlab/.ssh))" = 'git:git' ] returned 1
