2020-11-01 17:08:17 9368 [main] DEBUG reactor.netty.tcp.TcpResources - [http] resources will use the default LoopResources: DefaultLoopResources {prefix=reactor-http, daemon=true, selectCount=8, workerCount=8}
2020-11-01 17:08:17 9371 [main] DEBUG reactor.netty.tcp.TcpResources - [http] resources will use the default ConnectionProvider: reactor.netty.resources.PooledConnectionProvider@34a6d9db
2020-11-01 17:08:46 38431 [main] DEBUG o.s.w.r.f.s.s.RouterFunctionMapping - 2 RouterFunction(s) in 'routerFunctionMapping'
2020-11-01 17:08:46 38447 [main] DEBUG o.s.w.r.h.SimpleUrlHandlerMapping - Patterns [/webjars/**, /**] in 'resourceHandlerMapping'
2020-11-01 17:08:48 39924 [main] DEBUG o.s.w.r.r.m.a.ControllerMethodResolver - ControllerAdvice beans: none
2020-11-01 17:08:53 45030 [main] DEBUG r.netty.resources.DefaultLoopKQueue - Default KQueue support : false
2020-11-01 17:08:53 45034 [main] DEBUG r.netty.resources.DefaultLoopEpoll - Default Epoll support : false
2020-11-01 17:08:54 46184 [reactor-http-nio-1] DEBUG reactor.netty.tcp.TcpServer - [id: 0xb108a724, L:/0:0:0:0:0:0:0:0:8091] Bound new server
2020-11-01 18:37:19 8525 [main] DEBUG reactor.netty.tcp.TcpResources - [http] resources will use the default LoopResources: DefaultLoopResources {prefix=reactor-http, daemon=true, selectCount=8, workerCount=8}
2020-11-01 18:37:19 8525 [main] DEBUG reactor.netty.tcp.TcpResources - [http] resources will use the default ConnectionProvider: reactor.netty.resources.PooledConnectionProvider@6a09484c
2020-11-01 18:37:48 37345 [main] DEBUG o.s.w.r.f.s.s.RouterFunctionMapping - 2 RouterFunction(s) in 'routerFunctionMapping'
2020-11-01 18:37:48 37363 [main] DEBUG o.s.w.r.h.SimpleUrlHandlerMapping - Patterns [/webjars/**, /**] in 'resourceHandlerMapping'
2020-11-01 18:37:49 38772 [main] DEBUG o.s.w.r.r.m.a.ControllerMethodResolver - ControllerAdvice beans: none
2020-11-01 18:37:54 43810 [main] DEBUG r.netty.resources.DefaultLoopKQueue - Default KQueue support : false
2020-11-01 18:37:54 43814 [main] DEBUG r.netty.resources.DefaultLoopEpoll - Default Epoll support : false
2020-11-01 18:37:55 44937 [reactor-http-nio-1] DEBUG reactor.netty.tcp.TcpServer - [id: 0x4923bf62, L:/0:0:0:0:0:0:0:0:8091] Bound new server
2020-11-01 20:01:39 9716 [main] DEBUG reactor.netty.tcp.TcpResources - [http] resources will use the default LoopResources: DefaultLoopResources {prefix=reactor-http, daemon=true, selectCount=8, workerCount=8}
2020-11-01 20:01:39 9716 [main] DEBUG reactor.netty.tcp.TcpResources - [http] resources will use the default ConnectionProvider: reactor.netty.resources.PooledConnectionProvider@76a9a009
2020-11-01 20:02:01 31285 [main] DEBUG o.s.w.r.f.s.s.RouterFunctionMapping - 2 RouterFunction(s) in 'routerFunctionMapping'
2020-11-01 20:02:01 31302 [main] DEBUG o.s.w.r.h.SimpleUrlHandlerMapping - Patterns [/webjars/**, /**] in 'resourceHandlerMapping'
2020-11-01 20:02:03 33084 [main] DEBUG o.s.w.r.r.m.a.ControllerMethodResolver - ControllerAdvice beans: none
2020-11-01 20:02:09 39524 [main] DEBUG r.netty.resources.DefaultLoopKQueue - Default KQueue support : false
2020-11-01 20:02:09 39530 [main] DEBUG r.netty.resources.DefaultLoopEpoll - Default Epoll support : false
2020-11-01 20:02:11 41075 [reactor-http-nio-1] DEBUG reactor.netty.tcp.TcpServer - [id: 0x4bfa82f1, L:/0:0:0:0:0:0:0:0:8091] Bound new server
2020-11-01 20:02:17 47106 [boundedElastic-1] DEBUG o.s.c.g.r.RouteDefinitionRouteLocator - RouteDefinition ReactiveCompositeDiscoveryClient_concurrent-gateway applying {pattern=/concurrent-gateway/**} to Path
2020-11-01 20:02:17 47106 [boundedElastic-3] DEBUG o.s.c.g.r.RouteDefinitionRouteLocator - RouteDefinition ReactiveCompositeDiscoveryClient_concurrent-gateway applying {pattern=/concurrent-gateway/**} to Path
2020-11-01 20:02:17 47106 [boundedElastic-4] DEBUG o.s.c.g.r.RouteDefinitionRouteLocator - RouteDefinition ReactiveCompositeDiscoveryClient_concurrent-gateway applying {pattern=/concurrent-gateway/**} to Path
2020-11-01 20:02:17 47106 [boundedElastic-7] DEBUG o.s.c.g.r.RouteDefinitionRouteLocator - RouteDefinition ReactiveCompositeDiscoveryClient_concurrent-gateway applying {pattern=/concurrent-gateway/**} to Path
2020-11-01 20:02:17 47106 [boundedElastic-5] DEBUG o.s.c.g.r.RouteDefinitionRouteLocator - RouteDefinition ReactiveCompositeDiscoveryClient_concurrent-gateway applying {pattern=/concurrent-gateway/**} to Path
2020-11-01 20:02:17 47106 [boundedElastic-9] DEBUG o.s.c.g.r.RouteDefinitionRouteLocator - RouteDefinition ReactiveCompositeDiscoveryClient_concurrent-gateway applying {pattern=/concurrent-gateway/**} to Path
2020-11-01 20:02:17 47107 [boundedElastic-8] DEBUG o.s.c.g.r.RouteDefinitionRouteLocator - RouteDefinition ReactiveCompositeDiscoveryClient_concurrent-gateway applying {pattern=/concurrent-gateway/**} to Path
2020-11-01 20:02:17 47106 [boundedElastic-6] DEBUG o.s.c.g.r.RouteDefinitionRouteLocator - RouteDefinition ReactiveCompositeDiscoveryClient_concurrent-gateway applying {pattern=/concurrent-gateway/**} to Path
2020-11-01 20:02:17 47106 [boundedElastic-11] DEBUG o.s.c.g.r.RouteDefinitionRouteLocator - RouteDefinition ReactiveCompositeDiscoveryClient_concurrent-gateway applying {pattern=/concurrent-gateway/**} to Path
2020-11-01 20:02:17 47106 [boundedElastic-2] DEBUG o.s.c.g.r.RouteDefinitionRouteLocator - RouteDefinition ReactiveCompositeDiscoveryClient_concurrent-gateway applying {pattern=/concurrent-gateway/**} to Path
2020-11-01 20:02:17 47147 [boundedElastic-8] DEBUG o.s.c.g.r.RouteDefinitionRouteLocator - RouteDefinition ReactiveCompositeDiscoveryClient_concurrent-gateway applying filter {regexp=/concurrent-gateway/(?<remaining>.*), replacement=/${remaining}} to RewritePath
2020-11-01 20:02:17 47147 [boundedElastic-9] DEBUG o.s.c.g.r.RouteDefinitionRouteLocator - RouteDefinition ReactiveCompositeDiscoveryClient_concurrent-gateway applying filter {regexp=/concurrent-gateway/(?<remaining>.*), replacement=/${remaining}} to RewritePath
2020-11-01 20:02:17 47149 [boundedElastic-5] DEBUG o.s.c.g.r.RouteDefinitionRouteLocator - RouteDefinition ReactiveCompositeDiscoveryClient_concurrent-gateway applying filter {regexp=/concurrent-gateway/(?<remaining>.*), replacement=/${remaining}} to RewritePath
2020-11-01 20:02:17 47149 [boundedElastic-2] DEBUG o.s.c.g.r.RouteDefinitionRouteLocator - RouteDefinition ReactiveCompositeDiscoveryClient_concurrent-gateway applying filter {regexp=/concurrent-gateway/(?<remaining>.*), replacement=/${remaining}} to RewritePath
2020-11-01 20:02:17 47147 [boundedElastic-6] DEBUG o.s.c.g.r.RouteDefinitionRouteLocator - RouteDefinition ReactiveCompositeDiscoveryClient_concurrent-gateway applying filter {regexp=/concurrent-gateway/(?<remaining>.*), replacement=/${remaining}} to RewritePath
2020-11-01 20:02:17 47150 [boundedElastic-4] DEBUG o.s.c.g.r.RouteDefinitionRouteLocator - RouteDefinition ReactiveCompositeDiscoveryClient_concurrent-gateway applying filter {regexp=/concurrent-gateway/(?<remaining>.*), replacement=/${remaining}} to RewritePath
2020-11-01 20:02:17 47153 [boundedElastic-7] DEBUG o.s.c.g.r.RouteDefinitionRouteLocator - RouteDefinition ReactiveCompositeDiscoveryClient_concurrent-gateway applying filter {regexp=/concurrent-gateway/(?<remaining>.*), replacement=/${remaining}} to RewritePath
2020-11-01 20:02:17 47154 [boundedElastic-3] DEBUG o.s.c.g.r.RouteDefinitionRouteLocator - RouteDefinition ReactiveCompositeDiscoveryClient_concurrent-gateway applying filter {regexp=/concurrent-gateway/(?<remaining>.*), replacement=/${remaining}} to RewritePath
2020-11-01 20:02:17 47154 [boundedElastic-1] DEBUG o.s.c.g.r.RouteDefinitionRouteLocator - RouteDefinition ReactiveCompositeDiscoveryClient_concurrent-gateway applying filter {regexp=/concurrent-gateway/(?<remaining>.*), replacement=/${remaining}} to RewritePath
2020-11-01 20:02:17 47161 [boundedElastic-11] DEBUG o.s.c.g.r.RouteDefinitionRouteLocator - RouteDefinition ReactiveCompositeDiscoveryClient_concurrent-gateway applying filter {regexp=/concurrent-gateway/(?<remaining>.*), replacement=/${remaining}} to RewritePath
2020-11-01 20:02:17 47169 [boundedElastic-4] DEBUG o.s.c.g.r.RouteDefinitionRouteLocator - RouteDefinition matched: ReactiveCompositeDiscoveryClient_concurrent-gateway
2020-11-01 20:02:17 47169 [boundedElastic-9] DEBUG o.s.c.g.r.RouteDefinitionRouteLocator - RouteDefinition matched: ReactiveCompositeDiscoveryClient_concurrent-gateway
2020-11-01 20:02:17 47169 [boundedElastic-3] DEBUG o.s.c.g.r.RouteDefinitionRouteLocator - RouteDefinition matched: ReactiveCompositeDiscoveryClient_concurrent-gateway
2020-11-01 20:02:17 47169 [boundedElastic-2] DEBUG o.s.c.g.r.RouteDefinitionRouteLocator - RouteDefinition matched: ReactiveCompositeDiscoveryClient_concurrent-gateway
2020-11-01 20:02:17 47169 [boundedElastic-1] DEBUG o.s.c.g.r.RouteDefinitionRouteLocator - RouteDefinition matched: ReactiveCompositeDiscoveryClient_concurrent-gateway
2020-11-01 20:02:17 47169 [boundedElastic-5] DEBUG o.s.c.g.r.RouteDefinitionRouteLocator - RouteDefinition matched: ReactiveCompositeDiscoveryClient_concurrent-gateway
2020-11-01 20:02:17 47169 [boundedElastic-6] DEBUG o.s.c.g.r.RouteDefinitionRouteLocator - RouteDefinition matched: ReactiveCompositeDiscoveryClient_concurrent-gateway
2020-11-01 20:02:17 47169 [boundedElastic-7] DEBUG o.s.c.g.r.RouteDefinitionRouteLocator - RouteDefinition matched: ReactiveCompositeDiscoveryClient_concurrent-gateway
2020-11-01 20:02:17 47169 [boundedElastic-8] DEBUG o.s.c.g.r.RouteDefinitionRouteLocator - RouteDefinition matched: ReactiveCompositeDiscoveryClient_concurrent-gateway
2020-11-01 20:02:17 47172 [boundedElastic-11] DEBUG o.s.c.g.r.RouteDefinitionRouteLocator - RouteDefinition matched: ReactiveCompositeDiscoveryClient_concurrent-gateway
