2020-11-01 17:08:16 8341 [main] WARN  o.s.b.actuate.endpoint.EndpointId - Endpoint ID 'service-registry' contains invalid characters, please migrate to a valid format.
2020-11-01 17:08:27 19199 [main] WARN  c.n.c.s.URLConfigurationSource - No URLs will be polled as dynamic configuration sources.
2020-11-01 17:08:27 19205 [main] WARN  c.n.c.s.URLConfigurationSource - No URLs will be polled as dynamic configuration sources.
2020-11-01 17:08:53 44636 [main] WARN  o.s.c.s.z.ZipkinAutoConfiguration - Check result of the [RestTemplateSender{http://localhost:9411/api/v2/spans}] contains an error [CheckResult{ok=false, error=org.springframework.web.client.ResourceAccessException: I/O error on POST request for "http://localhost:9411/api/v2/spans": connect timed out; nested exception is java.net.SocketTimeoutException: connect timed out}]
2020-11-01 17:08:53 44855 [main] WARN  o.s.c.l.c.LoadBalancerCacheAutoConfiguration$LoadBalancerCaffeineWarnLogger - Spring Cloud LoadBalancer is currently working with the default cache. You can switch to using Caffeine cache, by adding it to the classpath.
2020-11-01 17:09:31 82841 [main] WARN  o.a.c.retry.ExponentialBackoffRetry - Sleep extension too large (2350). Pinning to 500
2020-11-01 17:09:34 85945 [main] WARN  o.a.c.retry.ExponentialBackoffRetry - Sleep extension too large (2300). Pinning to 500
2020-11-01 17:09:37 89048 [main] WARN  o.a.c.retry.ExponentialBackoffRetry - Sleep extension too large (8900). Pinning to 500
2020-11-01 17:09:40 92152 [main] WARN  o.a.c.retry.ExponentialBackoffRetry - Sleep extension too large (16600). Pinning to 500
2020-11-01 17:09:43 95255 [main] WARN  o.a.c.retry.ExponentialBackoffRetry - Sleep extension too large (21150). Pinning to 500
2020-11-01 17:09:46 98358 [main] WARN  o.s.b.w.r.c.AnnotationConfigReactiveWebServerApplicationContext - Exception encountered during context initialization - cancelling refresh attempt: org.springframework.context.ApplicationContextException: Failed to start bean 'webServerStartStop'; nested exception is java.lang.reflect.UndeclaredThrowableException
2020-11-01 17:09:47 99361 [main] WARN  z.r.AsyncReporter$BoundedAsyncReporter - Timed out waiting for in-flight spans to send
2020-11-01 17:09:51 102937 [Curator-ConnectionStateManager-0] WARN  o.a.c.f.s.ConnectionStateManager - Session timeout has elapsed while SUSPENDED. Injecting a session expiration. Elapsed ms: 60002. Adjusted session timeout ms: 60000
2020-11-01 17:09:51 102942 [main-EventThread] WARN  org.apache.curator.ConnectionState - Session expired event received
2020-11-01 17:09:51 102942 [Curator-ConnectionStateManager-0] WARN  o.a.c.f.s.ConnectionStateManager - Session timeout has elapsed while SUSPENDED. Injecting a session expiration. Elapsed ms: 60007. Adjusted session timeout ms: 60000
2020-11-01 17:09:51 102945 [Curator-ConnectionStateManager-0] WARN  o.a.c.f.s.ConnectionStateManager - Session timeout has elapsed while SUSPENDED. Injecting a session expiration. Elapsed ms: 60009. Adjusted session timeout ms: 60000
2020-11-01 17:09:51 102945 [main-EventThread] WARN  org.apache.curator.ConnectionState - Session expired event received
2020-11-01 17:09:51 102945 [Curator-ConnectionStateManager-0] WARN  o.a.c.f.s.ConnectionStateManager - Session timeout has elapsed while SUSPENDED. Injecting a session expiration. Elapsed ms: 60010. Adjusted session timeout ms: 60000
2020-11-01 17:09:51 102946 [main-EventThread] WARN  org.apache.curator.ConnectionState - Session expired event received
2020-11-01 18:37:18 7577 [main] WARN  o.s.b.actuate.endpoint.EndpointId - Endpoint ID 'service-registry' contains invalid characters, please migrate to a valid format.
2020-11-01 18:37:28 18316 [main] WARN  c.n.c.s.URLConfigurationSource - No URLs will be polled as dynamic configuration sources.
2020-11-01 18:37:29 18322 [main] WARN  c.n.c.s.URLConfigurationSource - No URLs will be polled as dynamic configuration sources.
2020-11-01 18:37:54 43436 [main] WARN  o.s.c.s.z.ZipkinAutoConfiguration - Check result of the [RestTemplateSender{http://localhost:9411/api/v2/spans}] contains an error [CheckResult{ok=false, error=org.springframework.web.client.ResourceAccessException: I/O error on POST request for "http://localhost:9411/api/v2/spans": connect timed out; nested exception is java.net.SocketTimeoutException: connect timed out}]
2020-11-01 18:37:54 43654 [main] WARN  o.s.c.l.c.LoadBalancerCacheAutoConfiguration$LoadBalancerCaffeineWarnLogger - Spring Cloud LoadBalancer is currently working with the default cache. You can switch to using Caffeine cache, by adding it to the classpath.
2020-11-01 18:38:29 78808 [main] WARN  o.a.c.retry.ExponentialBackoffRetry - Sleep extension too large (850). Pinning to 500
2020-11-01 18:38:32 81911 [main] WARN  o.a.c.retry.ExponentialBackoffRetry - Sleep extension too large (750). Pinning to 500
2020-11-01 18:38:35 85014 [main] WARN  o.a.c.retry.ExponentialBackoffRetry - Sleep extension too large (3500). Pinning to 500
2020-11-01 18:38:38 88117 [main] WARN  o.a.c.retry.ExponentialBackoffRetry - Sleep extension too large (2150). Pinning to 500
2020-11-01 18:38:41 91222 [main] WARN  o.a.c.retry.ExponentialBackoffRetry - Sleep extension too large (13250). Pinning to 500
2020-11-01 18:38:45 94329 [main] WARN  o.a.c.retry.ExponentialBackoffRetry - Sleep extension too large (27400). Pinning to 500
2020-11-01 20:01:38 8739 [main] WARN  o.s.b.actuate.endpoint.EndpointId - Endpoint ID 'service-registry' contains invalid characters, please migrate to a valid format.
2020-11-01 20:01:49 19285 [Curator-Framework-0] WARN  org.apache.curator.utils.ZKPaths - The version of ZooKeeper being used doesn't support Container nodes. CreateMode.PERSISTENT will be used instead.
2020-11-01 20:01:49 19582 [main] WARN  c.n.c.s.URLConfigurationSource - No URLs will be polled as dynamic configuration sources.
2020-11-01 20:01:49 19588 [main] WARN  c.n.c.s.URLConfigurationSource - No URLs will be polled as dynamic configuration sources.
2020-11-01 20:02:09 39085 [main] WARN  o.s.c.s.z.ZipkinAutoConfiguration - Check result of the [RestTemplateSender{http://localhost:9411/api/v2/spans}] contains an error [CheckResult{ok=false, error=org.springframework.web.client.ResourceAccessException: I/O error on POST request for "http://localhost:9411/api/v2/spans": connect timed out; nested exception is java.net.SocketTimeoutException: connect timed out}]
2020-11-01 20:02:09 39335 [main] WARN  o.s.c.l.c.LoadBalancerCacheAutoConfiguration$LoadBalancerCaffeineWarnLogger - Spring Cloud LoadBalancer is currently working with the default cache. You can switch to using Caffeine cache, by adding it to the classpath.
