2020-09-24 15:58:52 76811931 [Curator-TreeCache-0] DEBUG o.s.c.g.r.RouteDefinitionRouteLocator - RouteDefinition websocket_test applying {_genkey_0=/echo} to Path
2020-09-24 15:58:52 76812009 [Curator-TreeCache-0] DEBUG o.s.c.g.r.RouteDefinitionRouteLocator - RouteDefinition defaultFilters applying filter {_genkey_0=X-Response-Default-Foo, _genkey_1=Default-Bar} to AddResponseHeader
2020-09-24 15:58:52 76812015 [Curator-TreeCache-0] DEBUG o.s.c.g.r.RouteDefinitionRouteLocator - RouteDefinition matched: websocket_test
2020-09-24 15:58:52 76812015 [Curator-TreeCache-0] DEBUG o.s.c.g.r.RouteDefinitionRouteLocator - RouteDefinition default_path_to_httpbin2222 applying {_genkey_0=/api/**} to Path
2020-09-24 15:58:52 76812017 [Curator-TreeCache-0] DEBUG o.s.c.g.r.RouteDefinitionRouteLocator - RouteDefinition defaultFilters applying filter {_genkey_0=X-Response-Default-Foo, _genkey_1=Default-Bar} to AddResponseHeader
2020-09-24 15:58:52 76812018 [Curator-TreeCache-0] DEBUG o.s.c.g.r.RouteDefinitionRouteLocator - RouteDefinition matched: default_path_to_httpbin2222
2020-09-24 17:44:03 11161 [main] DEBUG o.s.c.g.config.GatewayProperties - Routes supplied from Gateway Properties: [RouteDefinition{id='websocket_test', predicates=[PredicateDefinition{name='Path', args={_genkey_0=/echo}}], filters=[], uri=ws://localhost:9000, order=9000, metadata={}}, RouteDefinition{id='default_path_to_httpbin2222', predicates=[PredicateDefinition{name='Path', args={_genkey_0=/api/**}}], filters=[], uri=lb://application, order=0, metadata={}}]
2020-09-24 17:44:04 11730 [main] DEBUG o.s.w.r.f.s.s.RouterFunctionMapping - 2 RouterFunction(s) in 'routerFunctionMapping'
2020-09-24 17:44:04 11751 [main] DEBUG o.s.w.r.h.SimpleUrlHandlerMapping - Patterns [/webjars/**, /**] in 'resourceHandlerMapping'
2020-09-24 17:44:06 13813 [main] DEBUG o.s.w.r.r.m.a.ControllerMethodResolver - ControllerAdvice beans: none
2020-09-24 17:44:06 14005 [main] DEBUG reactor.netty.tcp.TcpResources - [http] resources will use the default LoopResources: DefaultLoopResources {prefix=reactor-http, daemon=true, selectCount=6, workerCount=6}
2020-09-24 17:44:06 14005 [main] DEBUG reactor.netty.tcp.TcpResources - [http] resources will use the default ConnectionProvider: reactor.netty.resources.PooledConnectionProvider@22105c76
2020-09-24 17:44:11 18808 [main] DEBUG o.s.c.g.r.RouteDefinitionRouteLocator - RouteDefinition websocket_test applying {_genkey_0=/echo} to Path
2020-09-24 17:44:11 18950 [main] DEBUG o.s.c.g.r.RouteDefinitionRouteLocator - RouteDefinition defaultFilters applying filter {_genkey_0=X-Response-Default-Foo, _genkey_1=Default-Bar} to AddResponseHeader
2020-09-24 17:44:11 18959 [main] DEBUG o.s.c.g.r.RouteDefinitionRouteLocator - RouteDefinition matched: websocket_test
2020-09-24 17:44:11 18959 [main] DEBUG o.s.c.g.r.RouteDefinitionRouteLocator - RouteDefinition default_path_to_httpbin2222 applying {_genkey_0=/api/**} to Path
2020-09-24 17:44:11 18961 [main] DEBUG o.s.c.g.r.RouteDefinitionRouteLocator - RouteDefinition defaultFilters applying filter {_genkey_0=X-Response-Default-Foo, _genkey_1=Default-Bar} to AddResponseHeader
2020-09-24 17:44:11 18962 [main] DEBUG o.s.c.g.r.RouteDefinitionRouteLocator - RouteDefinition matched: default_path_to_httpbin2222
2020-09-24 17:44:11 18987 [Curator-TreeCache-0] DEBUG o.s.c.g.r.RouteDefinitionRouteLocator - RouteDefinition websocket_test applying {_genkey_0=/echo} to Path
2020-09-24 17:44:11 18991 [Curator-TreeCache-0] DEBUG o.s.c.g.r.RouteDefinitionRouteLocator - RouteDefinition defaultFilters applying filter {_genkey_0=X-Response-Default-Foo, _genkey_1=Default-Bar} to AddResponseHeader
2020-09-24 17:44:11 18994 [Curator-TreeCache-0] DEBUG o.s.c.g.r.RouteDefinitionRouteLocator - RouteDefinition matched: websocket_test
2020-09-24 17:44:11 18994 [Curator-TreeCache-0] DEBUG o.s.c.g.r.RouteDefinitionRouteLocator - RouteDefinition default_path_to_httpbin2222 applying {_genkey_0=/api/**} to Path
2020-09-24 17:44:11 18996 [Curator-TreeCache-0] DEBUG o.s.c.g.r.RouteDefinitionRouteLocator - RouteDefinition defaultFilters applying filter {_genkey_0=X-Response-Default-Foo, _genkey_1=Default-Bar} to AddResponseHeader
2020-09-24 17:44:11 18997 [Curator-TreeCache-0] DEBUG o.s.c.g.r.RouteDefinitionRouteLocator - RouteDefinition matched: default_path_to_httpbin2222
2020-09-24 17:44:11 18998 [Curator-TreeCache-0] DEBUG o.s.c.g.r.RouteDefinitionRouteLocator - RouteDefinition websocket_test applying {_genkey_0=/echo} to Path
2020-09-24 17:44:11 19000 [Curator-TreeCache-0] DEBUG o.s.c.g.r.RouteDefinitionRouteLocator - RouteDefinition defaultFilters applying filter {_genkey_0=X-Response-Default-Foo, _genkey_1=Default-Bar} to AddResponseHeader
2020-09-24 17:44:11 19001 [Curator-TreeCache-0] DEBUG o.s.c.g.r.RouteDefinitionRouteLocator - RouteDefinition matched: websocket_test
2020-09-24 17:44:11 19001 [Curator-TreeCache-0] DEBUG o.s.c.g.r.RouteDefinitionRouteLocator - RouteDefinition default_path_to_httpbin2222 applying {_genkey_0=/api/**} to Path
2020-09-24 17:44:11 19002 [Curator-TreeCache-0] DEBUG o.s.c.g.r.RouteDefinitionRouteLocator - RouteDefinition defaultFilters applying filter {_genkey_0=X-Response-Default-Foo, _genkey_1=Default-Bar} to AddResponseHeader
2020-09-24 17:44:11 19003 [Curator-TreeCache-0] DEBUG o.s.c.g.r.RouteDefinitionRouteLocator - RouteDefinition matched: default_path_to_httpbin2222
2020-09-24 17:44:11 19003 [Curator-TreeCache-0] DEBUG o.s.c.g.r.RouteDefinitionRouteLocator - RouteDefinition websocket_test applying {_genkey_0=/echo} to Path
2020-09-24 17:44:11 19004 [Curator-TreeCache-0] DEBUG o.s.c.g.r.RouteDefinitionRouteLocator - RouteDefinition defaultFilters applying filter {_genkey_0=X-Response-Default-Foo, _genkey_1=Default-Bar} to AddResponseHeader
2020-09-24 17:44:11 19005 [Curator-TreeCache-0] DEBUG o.s.c.g.r.RouteDefinitionRouteLocator - RouteDefinition matched: websocket_test
2020-09-24 17:44:11 19005 [Curator-TreeCache-0] DEBUG o.s.c.g.r.RouteDefinitionRouteLocator - RouteDefinition default_path_to_httpbin2222 applying {_genkey_0=/api/**} to Path
2020-09-24 17:44:11 19006 [Curator-TreeCache-0] DEBUG o.s.c.g.r.RouteDefinitionRouteLocator - RouteDefinition defaultFilters applying filter {_genkey_0=X-Response-Default-Foo, _genkey_1=Default-Bar} to AddResponseHeader
2020-09-24 17:44:11 19007 [Curator-TreeCache-0] DEBUG o.s.c.g.r.RouteDefinitionRouteLocator - RouteDefinition matched: default_path_to_httpbin2222
2020-09-24 17:44:11 19008 [Curator-TreeCache-0] DEBUG o.s.c.g.r.RouteDefinitionRouteLocator - RouteDefinition websocket_test applying {_genkey_0=/echo} to Path
2020-09-24 17:44:11 19009 [Curator-TreeCache-0] DEBUG o.s.c.g.r.RouteDefinitionRouteLocator - RouteDefinition defaultFilters applying filter {_genkey_0=X-Response-Default-Foo, _genkey_1=Default-Bar} to AddResponseHeader
2020-09-24 17:44:11 19010 [Curator-TreeCache-0] DEBUG o.s.c.g.r.RouteDefinitionRouteLocator - RouteDefinition matched: websocket_test
2020-09-24 17:44:11 19011 [Curator-TreeCache-0] DEBUG o.s.c.g.r.RouteDefinitionRouteLocator - RouteDefinition default_path_to_httpbin2222 applying {_genkey_0=/api/**} to Path
2020-09-24 17:44:11 19012 [Curator-TreeCache-0] DEBUG o.s.c.g.r.RouteDefinitionRouteLocator - RouteDefinition defaultFilters applying filter {_genkey_0=X-Response-Default-Foo, _genkey_1=Default-Bar} to AddResponseHeader
2020-09-24 17:44:11 19012 [Curator-TreeCache-0] DEBUG o.s.c.g.r.RouteDefinitionRouteLocator - RouteDefinition matched: default_path_to_httpbin2222
2020-09-24 17:44:11 19014 [Curator-TreeCache-0] DEBUG o.s.c.g.r.RouteDefinitionRouteLocator - RouteDefinition websocket_test applying {_genkey_0=/echo} to Path
2020-09-24 17:44:11 19014 [main] DEBUG o.s.c.g.r.RouteDefinitionRouteLocator - RouteDefinition websocket_test applying {_genkey_0=/echo} to Path
2020-09-24 17:44:11 19015 [Curator-TreeCache-0] DEBUG o.s.c.g.r.RouteDefinitionRouteLocator - RouteDefinition defaultFilters applying filter {_genkey_0=X-Response-Default-Foo, _genkey_1=Default-Bar} to AddResponseHeader
2020-09-24 17:44:11 19016 [Curator-TreeCache-0] DEBUG o.s.c.g.r.RouteDefinitionRouteLocator - RouteDefinition matched: websocket_test
2020-09-24 17:44:11 19016 [Curator-TreeCache-0] DEBUG o.s.c.g.r.RouteDefinitionRouteLocator - RouteDefinition default_path_to_httpbin2222 applying {_genkey_0=/api/**} to Path
2020-09-24 17:44:11 19018 [Curator-TreeCache-0] DEBUG o.s.c.g.r.RouteDefinitionRouteLocator - RouteDefinition defaultFilters applying filter {_genkey_0=X-Response-Default-Foo, _genkey_1=Default-Bar} to AddResponseHeader
2020-09-24 17:44:11 19020 [Curator-TreeCache-0] DEBUG o.s.c.g.r.RouteDefinitionRouteLocator - RouteDefinition matched: default_path_to_httpbin2222
2020-09-24 17:44:11 19020 [main] DEBUG o.s.c.g.r.RouteDefinitionRouteLocator - RouteDefinition defaultFilters applying filter {_genkey_0=X-Response-Default-Foo, _genkey_1=Default-Bar} to AddResponseHeader
2020-09-24 17:44:11 19021 [main] DEBUG o.s.c.g.r.RouteDefinitionRouteLocator - RouteDefinition matched: websocket_test
2020-09-24 17:44:11 19021 [main] DEBUG o.s.c.g.r.RouteDefinitionRouteLocator - RouteDefinition default_path_to_httpbin2222 applying {_genkey_0=/api/**} to Path
2020-09-24 17:44:11 19022 [main] DEBUG o.s.c.g.r.RouteDefinitionRouteLocator - RouteDefinition defaultFilters applying filter {_genkey_0=X-Response-Default-Foo, _genkey_1=Default-Bar} to AddResponseHeader
2020-09-24 17:44:11 19023 [main] DEBUG o.s.c.g.r.RouteDefinitionRouteLocator - RouteDefinition matched: default_path_to_httpbin2222
2020-09-24 17:46:17 23360 [main] DEBUG o.s.c.g.config.GatewayProperties - Routes supplied from Gateway Properties: [RouteDefinition{id='websocket_test', predicates=[PredicateDefinition{name='Path', args={_genkey_0=/echo}}], filters=[], uri=ws://localhost:9000, order=9000, metadata={}}, RouteDefinition{id='default_path_to_httpbin2222', predicates=[PredicateDefinition{name='Path', args={_genkey_0=/api/**}}], filters=[], uri=lb://application, order=0, metadata={}}]
2020-09-24 17:46:18 23950 [main] DEBUG o.s.w.r.f.s.s.RouterFunctionMapping - 2 RouterFunction(s) in 'routerFunctionMapping'
2020-09-24 17:46:18 23963 [main] DEBUG o.s.w.r.h.SimpleUrlHandlerMapping - Patterns [/webjars/**, /**] in 'resourceHandlerMapping'
2020-09-24 17:46:20 26087 [main] DEBUG o.s.w.r.r.m.a.ControllerMethodResolver - ControllerAdvice beans: none
2020-09-24 17:46:20 26359 [main] DEBUG reactor.netty.tcp.TcpResources - [http] resources will use the default LoopResources: DefaultLoopResources {prefix=reactor-http, daemon=true, selectCount=6, workerCount=6}
2020-09-24 17:46:20 26360 [main] DEBUG reactor.netty.tcp.TcpResources - [http] resources will use the default ConnectionProvider: reactor.netty.resources.PooledConnectionProvider@6f6a2ac8
2020-09-24 17:46:25 31277 [main] DEBUG o.s.c.g.r.RouteDefinitionRouteLocator - RouteDefinition websocket_test applying {_genkey_0=/echo} to Path
2020-09-24 17:46:25 31534 [main] DEBUG o.s.c.g.r.RouteDefinitionRouteLocator - RouteDefinition defaultFilters applying filter {_genkey_0=X-Response-Default-Foo, _genkey_1=Default-Bar} to AddResponseHeader
2020-09-24 17:46:25 31559 [main] DEBUG o.s.c.g.r.RouteDefinitionRouteLocator - RouteDefinition matched: websocket_test
2020-09-24 17:46:25 31560 [main] DEBUG o.s.c.g.r.RouteDefinitionRouteLocator - RouteDefinition default_path_to_httpbin2222 applying {_genkey_0=/api/**} to Path
2020-09-24 17:46:25 31562 [main] DEBUG o.s.c.g.r.RouteDefinitionRouteLocator - RouteDefinition defaultFilters applying filter {_genkey_0=X-Response-Default-Foo, _genkey_1=Default-Bar} to AddResponseHeader
2020-09-24 17:46:25 31563 [main] DEBUG o.s.c.g.r.RouteDefinitionRouteLocator - RouteDefinition matched: default_path_to_httpbin2222
2020-09-24 17:46:25 31645 [main] DEBUG o.s.c.g.r.RouteDefinitionRouteLocator - RouteDefinition websocket_test applying {_genkey_0=/echo} to Path
2020-09-24 17:46:25 31647 [main] DEBUG o.s.c.g.r.RouteDefinitionRouteLocator - RouteDefinition defaultFilters applying filter {_genkey_0=X-Response-Default-Foo, _genkey_1=Default-Bar} to AddResponseHeader
2020-09-24 17:46:25 31649 [main] DEBUG o.s.c.g.r.RouteDefinitionRouteLocator - RouteDefinition matched: websocket_test
2020-09-24 17:46:25 31649 [main] DEBUG o.s.c.g.r.RouteDefinitionRouteLocator - RouteDefinition default_path_to_httpbin2222 applying {_genkey_0=/api/**} to Path
2020-09-24 17:46:25 31650 [main] DEBUG o.s.c.g.r.RouteDefinitionRouteLocator - RouteDefinition defaultFilters applying filter {_genkey_0=X-Response-Default-Foo, _genkey_1=Default-Bar} to AddResponseHeader
2020-09-24 17:46:25 31651 [main] DEBUG o.s.c.g.r.RouteDefinitionRouteLocator - RouteDefinition matched: default_path_to_httpbin2222
2020-09-24 17:46:25 31669 [Curator-TreeCache-0] DEBUG o.s.c.g.r.RouteDefinitionRouteLocator - RouteDefinition websocket_test applying {_genkey_0=/echo} to Path
2020-09-24 17:46:25 31684 [Curator-TreeCache-0] DEBUG o.s.c.g.r.RouteDefinitionRouteLocator - RouteDefinition defaultFilters applying filter {_genkey_0=X-Response-Default-Foo, _genkey_1=Default-Bar} to AddResponseHeader
2020-09-24 17:46:25 31693 [Curator-TreeCache-0] DEBUG o.s.c.g.r.RouteDefinitionRouteLocator - RouteDefinition matched: websocket_test
2020-09-24 17:46:25 31693 [Curator-TreeCache-0] DEBUG o.s.c.g.r.RouteDefinitionRouteLocator - RouteDefinition default_path_to_httpbin2222 applying {_genkey_0=/api/**} to Path
2020-09-24 17:46:25 31695 [Curator-TreeCache-0] DEBUG o.s.c.g.r.RouteDefinitionRouteLocator - RouteDefinition defaultFilters applying filter {_genkey_0=X-Response-Default-Foo, _genkey_1=Default-Bar} to AddResponseHeader
2020-09-24 17:46:25 31697 [Curator-TreeCache-0] DEBUG o.s.c.g.r.RouteDefinitionRouteLocator - RouteDefinition matched: default_path_to_httpbin2222
2020-09-24 17:46:25 31783 [Curator-TreeCache-0] DEBUG o.s.c.g.r.RouteDefinitionRouteLocator - RouteDefinition websocket_test applying {_genkey_0=/echo} to Path
2020-09-24 17:46:25 31784 [Curator-TreeCache-0] DEBUG o.s.c.g.r.RouteDefinitionRouteLocator - RouteDefinition defaultFilters applying filter {_genkey_0=X-Response-Default-Foo, _genkey_1=Default-Bar} to AddResponseHeader
2020-09-24 17:46:25 31789 [Curator-TreeCache-0] DEBUG o.s.c.g.r.RouteDefinitionRouteLocator - RouteDefinition matched: websocket_test
2020-09-24 17:46:25 31789 [Curator-TreeCache-0] DEBUG o.s.c.g.r.RouteDefinitionRouteLocator - RouteDefinition default_path_to_httpbin2222 applying {_genkey_0=/api/**} to Path
2020-09-24 17:46:25 31792 [Curator-TreeCache-0] DEBUG o.s.c.g.r.RouteDefinitionRouteLocator - RouteDefinition defaultFilters applying filter {_genkey_0=X-Response-Default-Foo, _genkey_1=Default-Bar} to AddResponseHeader
2020-09-24 17:46:25 31794 [Curator-TreeCache-0] DEBUG o.s.c.g.r.RouteDefinitionRouteLocator - RouteDefinition matched: default_path_to_httpbin2222
2020-09-24 17:46:25 31796 [Curator-TreeCache-0] DEBUG o.s.c.g.r.RouteDefinitionRouteLocator - RouteDefinition websocket_test applying {_genkey_0=/echo} to Path
2020-09-24 17:46:25 31798 [Curator-TreeCache-0] DEBUG o.s.c.g.r.RouteDefinitionRouteLocator - RouteDefinition defaultFilters applying filter {_genkey_0=X-Response-Default-Foo, _genkey_1=Default-Bar} to AddResponseHeader
2020-09-24 17:46:25 31800 [Curator-TreeCache-0] DEBUG o.s.c.g.r.RouteDefinitionRouteLocator - RouteDefinition matched: websocket_test
2020-09-24 17:46:25 31801 [Curator-TreeCache-0] DEBUG o.s.c.g.r.RouteDefinitionRouteLocator - RouteDefinition default_path_to_httpbin2222 applying {_genkey_0=/api/**} to Path
2020-09-24 17:46:25 31802 [Curator-TreeCache-0] DEBUG o.s.c.g.r.RouteDefinitionRouteLocator - RouteDefinition defaultFilters applying filter {_genkey_0=X-Response-Default-Foo, _genkey_1=Default-Bar} to AddResponseHeader
2020-09-24 17:46:25 31803 [Curator-TreeCache-0] DEBUG o.s.c.g.r.RouteDefinitionRouteLocator - RouteDefinition matched: default_path_to_httpbin2222
2020-09-24 17:46:25 31804 [Curator-TreeCache-0] DEBUG o.s.c.g.r.RouteDefinitionRouteLocator - RouteDefinition websocket_test applying {_genkey_0=/echo} to Path
2020-09-24 17:46:25 31806 [Curator-TreeCache-0] DEBUG o.s.c.g.r.RouteDefinitionRouteLocator - RouteDefinition defaultFilters applying filter {_genkey_0=X-Response-Default-Foo, _genkey_1=Default-Bar} to AddResponseHeader
2020-09-24 17:46:25 31807 [Curator-TreeCache-0] DEBUG o.s.c.g.r.RouteDefinitionRouteLocator - RouteDefinition matched: websocket_test
2020-09-24 17:46:25 31807 [Curator-TreeCache-0] DEBUG o.s.c.g.r.RouteDefinitionRouteLocator - RouteDefinition default_path_to_httpbin2222 applying {_genkey_0=/api/**} to Path
2020-09-24 17:46:25 31809 [Curator-TreeCache-0] DEBUG o.s.c.g.r.RouteDefinitionRouteLocator - RouteDefinition defaultFilters applying filter {_genkey_0=X-Response-Default-Foo, _genkey_1=Default-Bar} to AddResponseHeader
2020-09-24 17:46:25 31810 [Curator-TreeCache-0] DEBUG o.s.c.g.r.RouteDefinitionRouteLocator - RouteDefinition matched: default_path_to_httpbin2222
2020-09-24 17:46:25 31813 [Curator-TreeCache-0] DEBUG o.s.c.g.r.RouteDefinitionRouteLocator - RouteDefinition websocket_test applying {_genkey_0=/echo} to Path
2020-09-24 17:46:25 31814 [Curator-TreeCache-0] DEBUG o.s.c.g.r.RouteDefinitionRouteLocator - RouteDefinition defaultFilters applying filter {_genkey_0=X-Response-Default-Foo, _genkey_1=Default-Bar} to AddResponseHeader
2020-09-24 17:46:25 31814 [Curator-TreeCache-0] DEBUG o.s.c.g.r.RouteDefinitionRouteLocator - RouteDefinition matched: websocket_test
2020-09-24 17:46:25 31815 [Curator-TreeCache-0] DEBUG o.s.c.g.r.RouteDefinitionRouteLocator - RouteDefinition default_path_to_httpbin2222 applying {_genkey_0=/api/**} to Path
2020-09-24 17:46:25 31815 [Curator-TreeCache-0] DEBUG o.s.c.g.r.RouteDefinitionRouteLocator - RouteDefinition defaultFilters applying filter {_genkey_0=X-Response-Default-Foo, _genkey_1=Default-Bar} to AddResponseHeader
2020-09-24 17:46:25 31816 [Curator-TreeCache-0] DEBUG o.s.c.g.r.RouteDefinitionRouteLocator - RouteDefinition matched: default_path_to_httpbin2222
